<?xml version="1.0" encoding="UTF-8"?>
<!-- Generated by org.testng.reporters.JUnitReportReporter -->
<testsuite hostname="mgoswami-ltm" name="com.mlt.india.parkingsolution.impl.ParkingControllerTest" tests="2" failures="0" timestamp="28 Jun 2015 09:22:20 GMT" time="0.027" errors="0">
  <testcase name="removeVehicle" time="0.002" classname="com.mlt.india.parkingsolution.impl.ParkingControllerTest"/>
  <testcase name="park" time="0.025" classname="com.mlt.india.parkingsolution.impl.ParkingControllerTest"/>
</testsuite> <!-- com.mlt.india.parkingsolution.impl.ParkingControllerTest -->
